<?xml version="1.0" encoding="UTF-8"?>
<!-- Generated by org.testng.reporters.JUnitReportReporter -->
<testsuite hostname="mnews126" failures="0" tests="3" name="PriorityTest" time="0.002" errors="0" timestamp="2024-03-20T22:05:34 EET" skipped="0">
  <testcase classname="PriorityTest" name="testName2" time="0.001"/>
  <system-out/>
  <testcase classname="PriorityTest" name="testName" time="0.001"/>
  <system-out/>
  <testcase classname="PriorityTest" name="testName1" time="0.000"/>
  <system-out/>
</testsuite> <!-- PriorityTest -->
