<?xml version="1.0" encoding="UTF-8"?>
<!-- Generated by org.testng.reporters.JUnitReportReporter -->
<testsuite hostname="mnews126" failures="0" tests="2" name="ParallelSecondTests" time="0.004" errors="0" timestamp="2024-03-20T22:05:34 EET" skipped="0">
  <testcase classname="ParallelSecondTests" name="testMethodsThree" time="0.003"/>
  <system-out/>
  <testcase classname="ParallelSecondTests" name="testMethodsFour" time="0.001"/>
  <system-out/>
</testsuite> <!-- ParallelSecondTests -->
