<?xml version="1.0" encoding="UTF-8"?>
<!-- Generated by org.testng.reporters.JUnitReportReporter -->
<testsuite hostname="mnews126" failures="0" tests="2" name="ParallelTests" time="0.003" errors="0" timestamp="2024-03-20T22:05:34 EET" skipped="0">
  <testcase classname="ParallelTests" name="testMethodsOne" time="0.002"/>
  <system-out/>
  <testcase classname="ParallelTests" name="testMethodsTwo" time="0.001"/>
  <system-out/>
</testsuite> <!-- ParallelTests -->
